#===============================================================================
# Building package Pr/PrPixel [8/10]
#===============================================================================
Tue Dec  2 14:29:30 CET 2014
v1r10 Pr/PrPixel
# Building group all
#CMT---> Info: Execute action make => gmake bin=../x86_64-slc6-gcc48-opt/ all
gmake[1]: Entering directory `/home/dcampora/projects/gaudi/new-gaudi-gpu-manager-dev/Brunel_v47r2p1/Pr/PrPixel/cmt'
#CMT---> (Makefile.header) Rebuilding ../x86_64-slc6-gcc48-opt/x86_64-slc6-gcc48-opt.make
#CMT---> (Makefile.header) Rebuilding ../x86_64-slc6-gcc48-opt/setup.make
#CMT---> (Makefile.header) Rebuilding ../x86_64-slc6-gcc48-opt/constituents.make
#CMT---> (constituents.make) Rebuilding library links
#CMT---> (constituents.make) all done
#CMT---> (constituents.make) Building PrPixel.make
#CMT---> Info: Library PrPixel
#CMT---> (constituents.make) Starting PrPixel
#CMT---> PrPixel : library ok
#CMT---> PrPixel ok
#CMT---> installation done
#CMT---> (constituents.make) PrPixel done
#CMT---> (constituents.make) Building PrPixelComponentsList.make
#CMT---> Info: Document PrPixelComponentsList
#CMT---> (constituents.make) Creating PrPixelComponentsList.lock and Starting PrPixelComponentsList
#CMT---> (constituents.make) PrPixelComponentsList done
#CMT---> (constituents.make) Building PrPixelMergeComponentsList.make
#CMT---> Info: Document PrPixelMergeComponentsList
#CMT---> (constituents.make) Creating PrPixelMergeComponentsList.lock and Starting PrPixelMergeComponentsList
#CMT---> (constituents.make) PrPixelMergeComponentsList done
#CMT---> (constituents.make) Building PrPixelConf.make
#CMT---> Info: Document PrPixelConf
#CMT---> (constituents.make) Creating PrPixelConf.lock and Starting PrPixelConf
Installing /home/dcampora/projects/gaudi/new-gaudi-gpu-manager-dev/Brunel_v47r2p1/Pr/PrPixel/x86_64-slc6-gcc48-opt/genConf/PrPixel in /home/dcampora/projects/gaudi/new-gaudi-gpu-manager-dev/Brunel_v47r2p1/InstallArea/x86_64-slc6-gcc48-opt/python
#CMT---> (constituents.make) PrPixelConf done
#CMT---> (constituents.make) Building PrPixel_python_init.make
#CMT---> Info: Document PrPixel_python_init
#CMT---> (constituents.make) Creating PrPixel_python_init.lock and Starting PrPixel_python_init
#CMT---> (constituents.make) PrPixel_python_init done
#CMT---> (constituents.make) Building PrPixelConfDbMerge.make
#CMT---> Info: Document PrPixelConfDbMerge
#CMT---> (constituents.make) Creating PrPixelConfDbMerge.lock and Starting PrPixelConfDbMerge
#CMT---> (constituents.make) PrPixelConfDbMerge done
#CMT---> (constituents.make) Building zip_PrPixel_python_modules.make
#CMT---> Info: Document zip_PrPixel_python_modules
#CMT---> (constituents.make) Creating zip_PrPixel_python_modules.lock and Starting zip_PrPixel_python_modules
test -d /home/dcampora/projects/gaudi/new-gaudi-gpu-manager-dev/Brunel_v47r2p1/InstallArea/x86_64-slc6-gcc48-opt/python && python /cvmfs/lhcb.cern.ch/lib/lhcb/GAUDI/GAUDI_v25r5/GaudiPolicy/scripts/ZipPythonDir.py /home/dcampora/projects/gaudi/new-gaudi-gpu-manager-dev/Brunel_v47r2p1/InstallArea/x86_64-slc6-gcc48-opt/python || echo Nothing to zip.
INFO:LockFile:2014-12-02_14:29:41 - Locking on /home/dcampora/projects/gaudi/new-gaudi-gpu-manager-dev/Brunel_v47r2p1/InstallArea/gaudi_build_lock
INFO:zipdir:Zipping directory '/home/dcampora/projects/gaudi/new-gaudi-gpu-manager-dev/Brunel_v47r2p1/InstallArea/x86_64-slc6-gcc48-opt/python'
INFO:zipdir:Nothing to do on '/home/dcampora/projects/gaudi/new-gaudi-gpu-manager-dev/Brunel_v47r2p1/InstallArea/x86_64-slc6-gcc48-opt/python.zip'
INFO:LockFile:2014-12-02_14:29:41 - Lock on /home/dcampora/projects/gaudi/new-gaudi-gpu-manager-dev/Brunel_v47r2p1/InstallArea/gaudi_build_lock released
#CMT---> (constituents.make) zip_PrPixel_python_modules done
#CMT---> all ok.
gmake[1]: Leaving directory `/home/dcampora/projects/gaudi/new-gaudi-gpu-manager-dev/Brunel_v47r2p1/Pr/PrPixel/cmt'
Tue Dec  2 14:29:41 CET 2014
# Building group cmt_actions
#CMT---> Info: Execute action make => gmake bin=../x86_64-slc6-gcc48-opt/ cmt_actions
gmake[1]: Entering directory `/home/dcampora/projects/gaudi/new-gaudi-gpu-manager-dev/Brunel_v47r2p1/Pr/PrPixel/cmt'
#CMT---> (Makefile.header) Rebuilding ../x86_64-slc6-gcc48-opt/x86_64-slc6-gcc48-opt.make
#CMT---> (Makefile.header) Rebuilding ../x86_64-slc6-gcc48-opt/setup.make
#CMT---> (Makefile.header) Rebuilding ../x86_64-slc6-gcc48-opt/constituents.make
#CMT---> cmt_actions ok.
gmake[1]: Leaving directory `/home/dcampora/projects/gaudi/new-gaudi-gpu-manager-dev/Brunel_v47r2p1/Pr/PrPixel/cmt'
Tue Dec  2 14:29:46 CET 2014
