#===============================================================================
# Building package GpuManager/GpuHandler [1/10]
#===============================================================================
Tue Dec  2 14:28:06 CET 2014
v1r1 GpuManager/GpuHandler
# Building group all
#CMT---> Info: Execute action make => gmake bin=../x86_64-slc6-gcc48-opt/ all
gmake[1]: Entering directory `/home/dcampora/projects/gaudi/new-gaudi-gpu-manager-dev/Brunel_v47r2p1/GpuManager/GpuHandler/cmt'
#CMT---> (Makefile.header) Rebuilding ../x86_64-slc6-gcc48-opt/x86_64-slc6-gcc48-opt.make
#CMT---> (Makefile.header) Rebuilding ../x86_64-slc6-gcc48-opt/setup.make
#CMT---> (Makefile.header) Rebuilding ../x86_64-slc6-gcc48-opt/constituents.make
#CMT---> (constituents.make) Rebuilding library links
#CMT---> (constituents.make) all done
#CMT---> (constituents.make) Building GpuHandler.make
#CMT---> Info: Library GpuHandler
#CMT---> (constituents.make) Starting GpuHandler
#CMT---> GpuHandler : library ok
#CMT---> GpuHandler ok
#CMT---> installation done
#CMT---> (constituents.make) GpuHandler done
#CMT---> (constituents.make) Building install_more_includes.make
#CMT---> Info: Document install_more_includes
#CMT---> (constituents.make) Creating install_more_includes.lock and Starting install_more_includes
Installing files from more ../GpuHandler to /home/dcampora/projects/gaudi/new-gaudi-gpu-manager-dev/Brunel_v47r2p1/InstallArea/x86_64-slc6-gcc48-opt/include
installation done
#CMT---> (constituents.make) install_more_includes done
#CMT---> all ok.
gmake[1]: Leaving directory `/home/dcampora/projects/gaudi/new-gaudi-gpu-manager-dev/Brunel_v47r2p1/GpuManager/GpuHandler/cmt'
Tue Dec  2 14:28:11 CET 2014
# Building group cmt_actions
#CMT---> Info: Execute action make => gmake bin=../x86_64-slc6-gcc48-opt/ cmt_actions
gmake[1]: Entering directory `/home/dcampora/projects/gaudi/new-gaudi-gpu-manager-dev/Brunel_v47r2p1/GpuManager/GpuHandler/cmt'
#CMT---> (Makefile.header) Rebuilding ../x86_64-slc6-gcc48-opt/x86_64-slc6-gcc48-opt.make
#CMT---> (Makefile.header) Rebuilding ../x86_64-slc6-gcc48-opt/setup.make
#CMT---> (Makefile.header) Rebuilding ../x86_64-slc6-gcc48-opt/constituents.make
#CMT---> cmt_actions ok.
gmake[1]: Leaving directory `/home/dcampora/projects/gaudi/new-gaudi-gpu-manager-dev/Brunel_v47r2p1/GpuManager/GpuHandler/cmt'
Tue Dec  2 14:28:13 CET 2014
