#===============================================================================
# Building package GpuManager/GpuServer [3/10]
#===============================================================================
Tue Dec  2 14:28:27 CET 2014
v1r1 GpuManager/GpuServer
# Building group all
#CMT---> Info: Execute action make => gmake bin=../x86_64-slc6-gcc48-opt/ all
gmake[1]: Entering directory `/home/dcampora/projects/gaudi/new-gaudi-gpu-manager-dev/Brunel_v47r2p1/GpuManager/GpuServer/cmt'
#CMT---> (Makefile.header) Rebuilding ../x86_64-slc6-gcc48-opt/x86_64-slc6-gcc48-opt.make
#CMT---> (Makefile.header) Rebuilding ../x86_64-slc6-gcc48-opt/setup.make
#CMT---> (Makefile.header) Rebuilding ../x86_64-slc6-gcc48-opt/constituents.make
#CMT---> (constituents.make) Rebuilding library links
#CMT---> (constituents.make) all done
#CMT---> (constituents.make) Building gpuserver.make
#CMT---> Info: Application gpuserver
#CMT---> (constituents.make) Starting gpuserver
#CMT---> (gpuserver.make) /home/dcampora/projects/gaudi/new-gaudi-gpu-manager-dev/Brunel_v47r2p1/GpuManager/GpuIpc/x86_64-slc6-gcc48-opt/GpuIpc.stamp: No rule for such target
if echo /home/dcampora/projects/gaudi/new-gaudi-gpu-manager-dev/Brunel_v47r2p1/GpuManager/GpuIpc/x86_64-slc6-gcc48-opt/GpuIpc.stamp | grep 'GpuServersetup\.make$' >/dev/null; then\
	 echo "#CMT--->" "(gpuserver.make): /home/dcampora/projects/gaudi/new-gaudi-gpu-manager-dev/Brunel_v47r2p1/GpuManager/GpuIpc/x86_64-slc6-gcc48-opt/GpuIpc.stamp: File no longer generated" >&2; exit 0; fi
#CMT---> building application ../x86_64-slc6-gcc48-opt/gpuserver
lcg-g++-4.8.1 -Wl,-Bdynamic  -ldl -Wl,--as-needed -Wl,--no-undefined  -o ../x86_64-slc6-gcc48-opt/gpuserver.new ../x86_64-slc6-gcc48-opt/PerfLog.o ../x86_64-slc6-gcc48-opt/AdminServer.o ../x86_64-slc6-gcc48-opt/Logger.o ../x86_64-slc6-gcc48-opt/Controller.o ../x86_64-slc6-gcc48-opt/AdminClient.o ../x86_64-slc6-gcc48-opt/App.o ../x86_64-slc6-gcc48-opt/Timer.o ../x86_64-slc6-gcc48-opt/MainServer.o ../x86_64-slc6-gcc48-opt/DataPacket.o ../x86_64-slc6-gcc48-opt/DataLog.o ../x86_64-slc6-gcc48-opt/CommandLine.o ../x86_64-slc6-gcc48-opt/Main.o -L/home/dcampora/projects/gaudi/new-gaudi-gpu-manager-dev/Brunel_v47r2p1/InstallArea/x86_64-slc6-gcc48-opt/lib  -L/cvmfs/lhcb.cern.ch/lib/lhcb/BRUNEL/BRUNEL_v47r2p1/InstallArea/x86_64-slc6-gcc48-opt/lib  -L/cvmfs/lhcb.cern.ch/lib/lhcb/REC/REC_v17r2p1/InstallArea/x86_64-slc6-gcc48-opt/lib  -L/cvmfs/lhcb.cern.ch/lib/lhcb/LBCOM/LBCOM_v16r1p1/InstallArea/x86_64-slc6-gcc48-opt/lib  -L/cvmfs/lhcb.cern.ch/lib/lhcb/LHCB/LHCB_v38r2p1/InstallArea/x86_64-slc6-gcc48-opt/lib  -L/cvmfs/lhcb.cern.ch/lib/lhcb/GAUDI/GAUDI_v25r5/InstallArea/x86_64-slc6-gcc48-opt/lib  -lGaudiPluginService    -lGpuHandler  -lGaudiPluginService  -lGpuIpc     -L/cvmfs/lhcb.cern.ch/lib/lcg/releases/LCGCMT/LCGCMT_70root6/LCG_Settings/../../../LCG_70root6/Boost/1.55.0_python2.7/x86_64-slc6-gcc48-opt/lib  -lboost_filesystem-gcc48-mt-1_55  -lboost_program_options-gcc48-mt-1_55  -lboost_system-gcc48-mt-1_55  -lboost_thread-gcc48-mt-1_55   -L/cvmfs/lhcb.cern.ch/lib/lcg/releases/LCGCMT/LCGCMT_70root6/LCG_Settings/../../../LCG_70root6/Python/2.7.6/x86_64-slc6-gcc48-opt/lib -lpython2.7 -lutil -lpthread   -L/cvmfs/lhcb.cern.ch/lib/lcg/releases/LCGCMT/LCGCMT_70root6/LCG_Settings/../../../LCG_70root6/tbb/42_20140122/x86_64-slc6-gcc48-opt/bin -ltbb         && mv -f ../x86_64-slc6-gcc48-opt/gpuserver.new ../x86_64-slc6-gcc48-opt/gpuserver
#CMT---> gpuserver ok
#CMT---> installation done
#CMT---> (constituents.make) gpuserver done
#CMT---> all ok.
gmake[1]: Leaving directory `/home/dcampora/projects/gaudi/new-gaudi-gpu-manager-dev/Brunel_v47r2p1/GpuManager/GpuServer/cmt'
Tue Dec  2 14:28:33 CET 2014
# Building group cmt_actions
#CMT---> Info: Execute action make => gmake bin=../x86_64-slc6-gcc48-opt/ cmt_actions
gmake[1]: Entering directory `/home/dcampora/projects/gaudi/new-gaudi-gpu-manager-dev/Brunel_v47r2p1/GpuManager/GpuServer/cmt'
#CMT---> (Makefile.header) Rebuilding ../x86_64-slc6-gcc48-opt/x86_64-slc6-gcc48-opt.make
#CMT---> (Makefile.header) Rebuilding ../x86_64-slc6-gcc48-opt/setup.make
#CMT---> (Makefile.header) Rebuilding ../x86_64-slc6-gcc48-opt/constituents.make
#CMT---> cmt_actions ok.
gmake[1]: Leaving directory `/home/dcampora/projects/gaudi/new-gaudi-gpu-manager-dev/Brunel_v47r2p1/GpuManager/GpuServer/cmt'
Tue Dec  2 14:28:36 CET 2014
