#===============================================================================
# Building package GpuManager/GpuService [4/10]
#===============================================================================
Tue Dec  2 14:28:36 CET 2014
v1r1 GpuManager/GpuService
# Building group all
#CMT---> Info: Execute action make => gmake bin=../x86_64-slc6-gcc48-opt/ all
gmake[1]: Entering directory `/home/dcampora/projects/gaudi/new-gaudi-gpu-manager-dev/Brunel_v47r2p1/GpuManager/GpuService/cmt'
#CMT---> (Makefile.header) Rebuilding ../x86_64-slc6-gcc48-opt/x86_64-slc6-gcc48-opt.make
#CMT---> (Makefile.header) Rebuilding ../x86_64-slc6-gcc48-opt/setup.make
#CMT---> (Makefile.header) Rebuilding ../x86_64-slc6-gcc48-opt/constituents.make
#CMT---> (constituents.make) Rebuilding library links
#CMT---> (constituents.make) all done
#CMT---> (constituents.make) Building install_more_includes.make
#CMT---> Info: Document install_more_includes
#CMT---> (constituents.make) Creating install_more_includes.lock and Starting install_more_includes
Installing files from more ../GpuService to /home/dcampora/projects/gaudi/new-gaudi-gpu-manager-dev/Brunel_v47r2p1/InstallArea/x86_64-slc6-gcc48-opt/include
installation done
#CMT---> (constituents.make) install_more_includes done
#CMT---> (constituents.make) Rebuilding ../x86_64-slc6-gcc48-opt/x86_64-slc6-gcc48-opt_doxygen.make
#CMT---> (constituents.make) Rebuilding ../x86_64-slc6-gcc48-opt/setup_doxygen.make
#CMT---> (constituents.make) Building doxygen.make
#CMT---> Info: Document doxygen
#CMT---> (constituents.make) Creating doxygen.lock and Starting doxygen
/usr/bin/doxygen Doxyfile
Searching for include files...
Searching for example files...
Searching for images...
Searching for dot files...
Searching for files to exclude
Searching for files to process...
Searching for files in directory /home/dcampora/projects/gaudi/new-gaudi-gpu-manager-dev/Brunel_v47r2p1/GpuManager/GpuService/GpuService
Reading and parsing tag files
Preprocessing /home/dcampora/projects/gaudi/new-gaudi-gpu-manager-dev/Brunel_v47r2p1/GpuManager/GpuService/GpuService/IGpuService.h...
Parsing file /home/dcampora/projects/gaudi/new-gaudi-gpu-manager-dev/Brunel_v47r2p1/GpuManager/GpuService/GpuService/IGpuService.h...
Building group list...
Building directory list...
Building namespace list...
Building file list...
Building class list...
Associating documentation with classes...
Computing nesting relations for classes...
Building example list...
Searching for enumerations...
Searching for documented typedefs...
Searching for members imported via using declarations...
Searching for included using directives...
Searching for documented variables...
Building member list...
Searching for friends...
Searching for documented defines...
Computing class inheritance relations...
Computing class usage relations...
Flushing cached template relations that have become invalid...
Creating members for template instances...
Computing class relations...
Add enum values to enums...
Searching for member function documentation...
Building page list...
Search for main page...
Computing page relations...
Determining the scope of groups...
Sorting lists...
Freeing entry tree
Determining which enums are documented
Computing member relations...
Building full member lists recursively...
Adding members to member groups.
Computing member references...
Inheriting documentation...
Generating disk names...
Adding source references...
Adding xrefitems...
Counting data structures...
Resolving user defined references...
Finding anchors and sections in the documentation...
Combining using relations...
Adding members to index pages...
Generating style sheet...
Generating index page...
Generating page index...
Generating example documentation...
Generating file sources...
Generating code for file /home/dcampora/projects/gaudi/new-gaudi-gpu-manager-dev/Brunel_v47r2p1/GpuManager/GpuService/GpuService/IGpuService.h...
Generating file documentation...
Generating page documentation...
Generating group documentation...
Generating group index...
Generating class documentation...
Generating annotated compound index...
Generating alphabetical compound index...
Generating hierarchical class index...
Generating member index...
Generating docs for compound IGpuService...
Generating namespace index...
Generating namespace member index...
Generating graph info page...
Generating file index...
Generating example index...
Generating file member index...
#CMT---> (constituents.make) doxygen done
#CMT---> (constituents.make) Building GpuService.make
#CMT---> Info: Library GpuService
#CMT---> (constituents.make) Starting GpuService
#CMT---> GpuService : library ok
#CMT---> GpuService ok
#CMT---> installation done
#CMT---> (constituents.make) GpuService done
#CMT---> (constituents.make) Building GpuServiceComponentsList.make
#CMT---> Info: Document GpuServiceComponentsList
#CMT---> (constituents.make) Creating GpuServiceComponentsList.lock and Starting GpuServiceComponentsList
#CMT---> (constituents.make) GpuServiceComponentsList done
#CMT---> (constituents.make) Building GpuServiceMergeComponentsList.make
#CMT---> Info: Document GpuServiceMergeComponentsList
#CMT---> (constituents.make) Creating GpuServiceMergeComponentsList.lock and Starting GpuServiceMergeComponentsList
#CMT---> (constituents.make) GpuServiceMergeComponentsList done
#CMT---> (constituents.make) Building GpuServiceConf.make
#CMT---> Info: Document GpuServiceConf
#CMT---> (constituents.make) Creating GpuServiceConf.lock and Starting GpuServiceConf
Installing /home/dcampora/projects/gaudi/new-gaudi-gpu-manager-dev/Brunel_v47r2p1/GpuManager/GpuService/x86_64-slc6-gcc48-opt/genConf/GpuService in /home/dcampora/projects/gaudi/new-gaudi-gpu-manager-dev/Brunel_v47r2p1/InstallArea/x86_64-slc6-gcc48-opt/python
#CMT---> (constituents.make) GpuServiceConf done
#CMT---> (constituents.make) Building GpuService_python_init.make
#CMT---> Info: Document GpuService_python_init
#CMT---> (constituents.make) Creating GpuService_python_init.lock and Starting GpuService_python_init
#CMT---> (constituents.make) GpuService_python_init done
#CMT---> (constituents.make) Building GpuServiceConfDbMerge.make
#CMT---> Info: Document GpuServiceConfDbMerge
#CMT---> (constituents.make) Creating GpuServiceConfDbMerge.lock and Starting GpuServiceConfDbMerge
#CMT---> (constituents.make) GpuServiceConfDbMerge done
#CMT---> (constituents.make) Building zip_GpuService_python_modules.make
#CMT---> Info: Document zip_GpuService_python_modules
#CMT---> (constituents.make) Creating zip_GpuService_python_modules.lock and Starting zip_GpuService_python_modules
test -d /home/dcampora/projects/gaudi/new-gaudi-gpu-manager-dev/Brunel_v47r2p1/InstallArea/x86_64-slc6-gcc48-opt/python && python /cvmfs/lhcb.cern.ch/lib/lhcb/GAUDI/GAUDI_v25r5/GaudiPolicy/scripts/ZipPythonDir.py /home/dcampora/projects/gaudi/new-gaudi-gpu-manager-dev/Brunel_v47r2p1/InstallArea/x86_64-slc6-gcc48-opt/python || echo Nothing to zip.
INFO:LockFile:2014-12-02_14:28:49 - Locking on /home/dcampora/projects/gaudi/new-gaudi-gpu-manager-dev/Brunel_v47r2p1/InstallArea/gaudi_build_lock
INFO:zipdir:Zipping directory '/home/dcampora/projects/gaudi/new-gaudi-gpu-manager-dev/Brunel_v47r2p1/InstallArea/x86_64-slc6-gcc48-opt/python'
INFO:zipdir:Nothing to do on '/home/dcampora/projects/gaudi/new-gaudi-gpu-manager-dev/Brunel_v47r2p1/InstallArea/x86_64-slc6-gcc48-opt/python.zip'
INFO:LockFile:2014-12-02_14:28:49 - Lock on /home/dcampora/projects/gaudi/new-gaudi-gpu-manager-dev/Brunel_v47r2p1/InstallArea/gaudi_build_lock released
#CMT---> (constituents.make) zip_GpuService_python_modules done
#CMT---> all ok.
gmake[1]: Leaving directory `/home/dcampora/projects/gaudi/new-gaudi-gpu-manager-dev/Brunel_v47r2p1/GpuManager/GpuService/cmt'
Tue Dec  2 14:28:49 CET 2014
# Building group cmt_actions
#CMT---> Info: Execute action make => gmake bin=../x86_64-slc6-gcc48-opt/ cmt_actions
gmake[1]: Entering directory `/home/dcampora/projects/gaudi/new-gaudi-gpu-manager-dev/Brunel_v47r2p1/GpuManager/GpuService/cmt'
#CMT---> (Makefile.header) Rebuilding ../x86_64-slc6-gcc48-opt/x86_64-slc6-gcc48-opt.make
#CMT---> (Makefile.header) Rebuilding ../x86_64-slc6-gcc48-opt/setup.make
#CMT---> (Makefile.header) Rebuilding ../x86_64-slc6-gcc48-opt/constituents.make
#CMT---> (constituents.make) Rebuilding ../x86_64-slc6-gcc48-opt/x86_64-slc6-gcc48-opt_doxygen.make
#CMT---> (constituents.make) Rebuilding ../x86_64-slc6-gcc48-opt/setup_doxygen.make
#CMT---> (constituents.make) Rebuilding library links
#CMT---> (constituents.make) Building doxygen.make
#CMT---> Info: Document doxygen
#CMT---> (constituents.make) Creating doxygen.lock and Starting doxygen
/usr/bin/doxygen Doxyfile
Searching for include files...
Searching for example files...
Searching for images...
Searching for dot files...
Searching for files to exclude
Searching for files to process...
Searching for files in directory /home/dcampora/projects/gaudi/new-gaudi-gpu-manager-dev/Brunel_v47r2p1/GpuManager/GpuService/GpuService
Reading and parsing tag files
Preprocessing /home/dcampora/projects/gaudi/new-gaudi-gpu-manager-dev/Brunel_v47r2p1/GpuManager/GpuService/GpuService/IGpuService.h...
Parsing file /home/dcampora/projects/gaudi/new-gaudi-gpu-manager-dev/Brunel_v47r2p1/GpuManager/GpuService/GpuService/IGpuService.h...
Building group list...
Building directory list...
Building namespace list...
Building file list...
Building class list...
Associating documentation with classes...
Computing nesting relations for classes...
Building example list...
Searching for enumerations...
Searching for documented typedefs...
Searching for members imported via using declarations...
Searching for included using directives...
Searching for documented variables...
Building member list...
Searching for friends...
Searching for documented defines...
Computing class inheritance relations...
Computing class usage relations...
Flushing cached template relations that have become invalid...
Creating members for template instances...
Computing class relations...
Add enum values to enums...
Searching for member function documentation...
Building page list...
Search for main page...
Computing page relations...
Determining the scope of groups...
Sorting lists...
Freeing entry tree
Determining which enums are documented
Computing member relations...
Building full member lists recursively...
Adding members to member groups.
Computing member references...
Inheriting documentation...
Generating disk names...
Adding source references...
Adding xrefitems...
Counting data structures...
Resolving user defined references...
Finding anchors and sections in the documentation...
Combining using relations...
Adding members to index pages...
Generating style sheet...
Generating index page...
Generating page index...
Generating example documentation...
Generating file sources...
Generating code for file /home/dcampora/projects/gaudi/new-gaudi-gpu-manager-dev/Brunel_v47r2p1/GpuManager/GpuService/GpuService/IGpuService.h...
Generating file documentation...
Generating page documentation...
Generating group documentation...
Generating group index...
Generating class documentation...
Generating annotated compound index...
Generating alphabetical compound index...
Generating hierarchical class index...
Generating member index...
Generating docs for compound IGpuService...
Generating namespace index...
Generating namespace member index...
Generating graph info page...
Generating file index...
Generating example index...
Generating file member index...
#CMT---> (constituents.make) doxygen done
#CMT---> cmt_actions ok.
gmake[1]: Leaving directory `/home/dcampora/projects/gaudi/new-gaudi-gpu-manager-dev/Brunel_v47r2p1/GpuManager/GpuService/cmt'
Tue Dec  2 14:28:55 CET 2014
