#===============================================================================
# Building package GpuManager/SampleGpuHandler [6/10]
#===============================================================================
Tue Dec  2 14:29:09 CET 2014
v1r1 GpuManager/SampleGpuHandler
# Building group all
#CMT---> Info: Execute action make => gmake bin=../x86_64-slc6-gcc48-opt/ all
gmake[1]: Entering directory `/home/dcampora/projects/gaudi/new-gaudi-gpu-manager-dev/Brunel_v47r2p1/GpuManager/SampleGpuHandler/cmt'
#CMT---> (Makefile.header) Rebuilding ../x86_64-slc6-gcc48-opt/x86_64-slc6-gcc48-opt.make
#CMT---> (Makefile.header) Rebuilding ../x86_64-slc6-gcc48-opt/setup.make
#CMT---> (Makefile.header) Rebuilding ../x86_64-slc6-gcc48-opt/constituents.make
#CMT---> (constituents.make) Rebuilding library links
#CMT---> (constituents.make) all done
#CMT---> (constituents.make) Building SampleGpuHandler.make
#CMT---> Info: Library SampleGpuHandler
#CMT---> (constituents.make) Starting SampleGpuHandler
#CMT---> SampleGpuHandler : library ok
#CMT---> SampleGpuHandler ok
#CMT---> installation done
#CMT---> (constituents.make) SampleGpuHandler done
#CMT---> (constituents.make) Building SampleGpuHandlerComponentsList.make
#CMT---> Info: Document SampleGpuHandlerComponentsList
#CMT---> (constituents.make) Creating SampleGpuHandlerComponentsList.lock and Starting SampleGpuHandlerComponentsList
#CMT---> (constituents.make) SampleGpuHandlerComponentsList done
#CMT---> (constituents.make) Building SampleGpuHandlerMergeComponentsList.make
#CMT---> Info: Document SampleGpuHandlerMergeComponentsList
#CMT---> (constituents.make) Creating SampleGpuHandlerMergeComponentsList.lock and Starting SampleGpuHandlerMergeComponentsList
#CMT---> (constituents.make) SampleGpuHandlerMergeComponentsList done
#CMT---> (constituents.make) Building SampleGpuHandlerConf.make
#CMT---> Info: Document SampleGpuHandlerConf
#CMT---> (constituents.make) Creating SampleGpuHandlerConf.lock and Starting SampleGpuHandlerConf
Installing /home/dcampora/projects/gaudi/new-gaudi-gpu-manager-dev/Brunel_v47r2p1/GpuManager/SampleGpuHandler/x86_64-slc6-gcc48-opt/genConf/SampleGpuHandler in /home/dcampora/projects/gaudi/new-gaudi-gpu-manager-dev/Brunel_v47r2p1/InstallArea/x86_64-slc6-gcc48-opt/python
#CMT---> (constituents.make) SampleGpuHandlerConf done
#CMT---> (constituents.make) Building SampleGpuHandler_python_init.make
#CMT---> Info: Document SampleGpuHandler_python_init
#CMT---> (constituents.make) Creating SampleGpuHandler_python_init.lock and Starting SampleGpuHandler_python_init
#CMT---> (constituents.make) SampleGpuHandler_python_init done
#CMT---> (constituents.make) Building SampleGpuHandlerConfDbMerge.make
#CMT---> Info: Document SampleGpuHandlerConfDbMerge
#CMT---> (constituents.make) Creating SampleGpuHandlerConfDbMerge.lock and Starting SampleGpuHandlerConfDbMerge
#CMT---> (constituents.make) SampleGpuHandlerConfDbMerge done
#CMT---> (constituents.make) Building zip_SampleGpuHandler_python_modules.make
#CMT---> Info: Document zip_SampleGpuHandler_python_modules
#CMT---> (constituents.make) Creating zip_SampleGpuHandler_python_modules.lock and Starting zip_SampleGpuHandler_python_modules
test -d /home/dcampora/projects/gaudi/new-gaudi-gpu-manager-dev/Brunel_v47r2p1/InstallArea/x86_64-slc6-gcc48-opt/python && python /cvmfs/lhcb.cern.ch/lib/lhcb/GAUDI/GAUDI_v25r5/GaudiPolicy/scripts/ZipPythonDir.py /home/dcampora/projects/gaudi/new-gaudi-gpu-manager-dev/Brunel_v47r2p1/InstallArea/x86_64-slc6-gcc48-opt/python || echo Nothing to zip.
INFO:LockFile:2014-12-02_14:29:18 - Locking on /home/dcampora/projects/gaudi/new-gaudi-gpu-manager-dev/Brunel_v47r2p1/InstallArea/gaudi_build_lock
INFO:zipdir:Zipping directory '/home/dcampora/projects/gaudi/new-gaudi-gpu-manager-dev/Brunel_v47r2p1/InstallArea/x86_64-slc6-gcc48-opt/python'
INFO:zipdir:Nothing to do on '/home/dcampora/projects/gaudi/new-gaudi-gpu-manager-dev/Brunel_v47r2p1/InstallArea/x86_64-slc6-gcc48-opt/python.zip'
INFO:LockFile:2014-12-02_14:29:18 - Lock on /home/dcampora/projects/gaudi/new-gaudi-gpu-manager-dev/Brunel_v47r2p1/InstallArea/gaudi_build_lock released
#CMT---> (constituents.make) zip_SampleGpuHandler_python_modules done
#CMT---> all ok.
gmake[1]: Leaving directory `/home/dcampora/projects/gaudi/new-gaudi-gpu-manager-dev/Brunel_v47r2p1/GpuManager/SampleGpuHandler/cmt'
Tue Dec  2 14:29:18 CET 2014
# Building group cmt_actions
#CMT---> Info: Execute action make => gmake bin=../x86_64-slc6-gcc48-opt/ cmt_actions
gmake[1]: Entering directory `/home/dcampora/projects/gaudi/new-gaudi-gpu-manager-dev/Brunel_v47r2p1/GpuManager/SampleGpuHandler/cmt'
#CMT---> (Makefile.header) Rebuilding ../x86_64-slc6-gcc48-opt/x86_64-slc6-gcc48-opt.make
#CMT---> (Makefile.header) Rebuilding ../x86_64-slc6-gcc48-opt/setup.make
#CMT---> (Makefile.header) Rebuilding ../x86_64-slc6-gcc48-opt/constituents.make
#CMT---> cmt_actions ok.
gmake[1]: Leaving directory `/home/dcampora/projects/gaudi/new-gaudi-gpu-manager-dev/Brunel_v47r2p1/GpuManager/SampleGpuHandler/cmt'
Tue Dec  2 14:29:22 CET 2014
