#===============================================================================
# Building package GpuManager/GpuAlgorithm [5/10]
#===============================================================================
Tue Dec  2 14:28:56 CET 2014
v1r1 GpuManager/GpuAlgorithm
# Building group all
#CMT---> Info: Execute action make => gmake bin=../x86_64-slc6-gcc48-opt/ all
gmake[1]: Entering directory `/home/dcampora/projects/gaudi/new-gaudi-gpu-manager-dev/Brunel_v47r2p1/GpuManager/GpuAlgorithm/cmt'
#CMT---> (Makefile.header) Rebuilding ../x86_64-slc6-gcc48-opt/x86_64-slc6-gcc48-opt.make
#CMT---> (Makefile.header) Rebuilding ../x86_64-slc6-gcc48-opt/setup.make
#CMT---> (Makefile.header) Rebuilding ../x86_64-slc6-gcc48-opt/constituents.make
#CMT---> (constituents.make) Rebuilding library links
#CMT---> (constituents.make) all done
#CMT---> (constituents.make) Building GpuAlgorithm.make
#CMT---> Info: Library GpuAlgorithm
#CMT---> (constituents.make) Starting GpuAlgorithm
#CMT---> GpuAlgorithm : library ok
#CMT---> GpuAlgorithm ok
#CMT---> installation done
#CMT---> (constituents.make) GpuAlgorithm done
#CMT---> (constituents.make) Building GpuAlgorithmComponentsList.make
#CMT---> Info: Document GpuAlgorithmComponentsList
#CMT---> (constituents.make) Creating GpuAlgorithmComponentsList.lock and Starting GpuAlgorithmComponentsList
#CMT---> (constituents.make) GpuAlgorithmComponentsList done
#CMT---> (constituents.make) Building GpuAlgorithmMergeComponentsList.make
#CMT---> Info: Document GpuAlgorithmMergeComponentsList
#CMT---> (constituents.make) Creating GpuAlgorithmMergeComponentsList.lock and Starting GpuAlgorithmMergeComponentsList
#CMT---> (constituents.make) GpuAlgorithmMergeComponentsList done
#CMT---> (constituents.make) Building GpuAlgorithmConf.make
#CMT---> Info: Document GpuAlgorithmConf
#CMT---> (constituents.make) Creating GpuAlgorithmConf.lock and Starting GpuAlgorithmConf
Installing /home/dcampora/projects/gaudi/new-gaudi-gpu-manager-dev/Brunel_v47r2p1/GpuManager/GpuAlgorithm/x86_64-slc6-gcc48-opt/genConf/GpuAlgorithm in /home/dcampora/projects/gaudi/new-gaudi-gpu-manager-dev/Brunel_v47r2p1/InstallArea/x86_64-slc6-gcc48-opt/python
#CMT---> (constituents.make) GpuAlgorithmConf done
#CMT---> (constituents.make) Building GpuAlgorithm_python_init.make
#CMT---> Info: Document GpuAlgorithm_python_init
#CMT---> (constituents.make) Creating GpuAlgorithm_python_init.lock and Starting GpuAlgorithm_python_init
#CMT---> (constituents.make) GpuAlgorithm_python_init done
#CMT---> (constituents.make) Building GpuAlgorithmConfDbMerge.make
#CMT---> Info: Document GpuAlgorithmConfDbMerge
#CMT---> (constituents.make) Creating GpuAlgorithmConfDbMerge.lock and Starting GpuAlgorithmConfDbMerge
#CMT---> (constituents.make) GpuAlgorithmConfDbMerge done
#CMT---> (constituents.make) Building zip_GpuAlgorithm_python_modules.make
#CMT---> Info: Document zip_GpuAlgorithm_python_modules
#CMT---> (constituents.make) Creating zip_GpuAlgorithm_python_modules.lock and Starting zip_GpuAlgorithm_python_modules
test -d /home/dcampora/projects/gaudi/new-gaudi-gpu-manager-dev/Brunel_v47r2p1/InstallArea/x86_64-slc6-gcc48-opt/python && python /cvmfs/lhcb.cern.ch/lib/lhcb/GAUDI/GAUDI_v25r5/GaudiPolicy/scripts/ZipPythonDir.py /home/dcampora/projects/gaudi/new-gaudi-gpu-manager-dev/Brunel_v47r2p1/InstallArea/x86_64-slc6-gcc48-opt/python || echo Nothing to zip.
INFO:LockFile:2014-12-02_14:29:05 - Locking on /home/dcampora/projects/gaudi/new-gaudi-gpu-manager-dev/Brunel_v47r2p1/InstallArea/gaudi_build_lock
INFO:zipdir:Zipping directory '/home/dcampora/projects/gaudi/new-gaudi-gpu-manager-dev/Brunel_v47r2p1/InstallArea/x86_64-slc6-gcc48-opt/python'
INFO:zipdir:Nothing to do on '/home/dcampora/projects/gaudi/new-gaudi-gpu-manager-dev/Brunel_v47r2p1/InstallArea/x86_64-slc6-gcc48-opt/python.zip'
INFO:LockFile:2014-12-02_14:29:05 - Lock on /home/dcampora/projects/gaudi/new-gaudi-gpu-manager-dev/Brunel_v47r2p1/InstallArea/gaudi_build_lock released
#CMT---> (constituents.make) zip_GpuAlgorithm_python_modules done
#CMT---> all ok.
gmake[1]: Leaving directory `/home/dcampora/projects/gaudi/new-gaudi-gpu-manager-dev/Brunel_v47r2p1/GpuManager/GpuAlgorithm/cmt'
Tue Dec  2 14:29:05 CET 2014
# Building group cmt_actions
#CMT---> Info: Execute action make => gmake bin=../x86_64-slc6-gcc48-opt/ cmt_actions
gmake[1]: Entering directory `/home/dcampora/projects/gaudi/new-gaudi-gpu-manager-dev/Brunel_v47r2p1/GpuManager/GpuAlgorithm/cmt'
#CMT---> (Makefile.header) Rebuilding ../x86_64-slc6-gcc48-opt/x86_64-slc6-gcc48-opt.make
#CMT---> (Makefile.header) Rebuilding ../x86_64-slc6-gcc48-opt/setup.make
#CMT---> (Makefile.header) Rebuilding ../x86_64-slc6-gcc48-opt/constituents.make
#CMT---> cmt_actions ok.
gmake[1]: Leaving directory `/home/dcampora/projects/gaudi/new-gaudi-gpu-manager-dev/Brunel_v47r2p1/GpuManager/GpuAlgorithm/cmt'
Tue Dec  2 14:29:08 CET 2014
