#===============================================================================
# Building package GpuManager/GpuIpc [2/10]
#===============================================================================
Tue Dec  2 14:28:14 CET 2014
v1r1 GpuManager/GpuIpc
# Building group all
#CMT---> Info: Execute action make => gmake bin=../x86_64-slc6-gcc48-opt/ all
gmake[1]: Entering directory `/home/dcampora/projects/gaudi/new-gaudi-gpu-manager-dev/Brunel_v47r2p1/GpuManager/GpuIpc/cmt'
#CMT---> (Makefile.header) Rebuilding ../x86_64-slc6-gcc48-opt/x86_64-slc6-gcc48-opt.make
#CMT---> (Makefile.header) Rebuilding ../x86_64-slc6-gcc48-opt/setup.make
#CMT---> (Makefile.header) Rebuilding ../x86_64-slc6-gcc48-opt/constituents.make
#CMT---> (constituents.make) Rebuilding library links
#CMT---> (constituents.make) all done
#CMT---> (constituents.make) Building install_more_includes.make
#CMT---> Info: Document install_more_includes
#CMT---> (constituents.make) Creating install_more_includes.lock and Starting install_more_includes
Installing files from more ../GpuIpc to /home/dcampora/projects/gaudi/new-gaudi-gpu-manager-dev/Brunel_v47r2p1/InstallArea/x86_64-slc6-gcc48-opt/include
installation done
#CMT---> (constituents.make) install_more_includes done
#CMT---> (constituents.make) Rebuilding ../x86_64-slc6-gcc48-opt/x86_64-slc6-gcc48-opt_doxygen.make
#CMT---> (constituents.make) Rebuilding ../x86_64-slc6-gcc48-opt/setup_doxygen.make
#CMT---> (constituents.make) Building doxygen.make
#CMT---> Info: Document doxygen
#CMT---> (constituents.make) Creating doxygen.lock and Starting doxygen
/usr/bin/doxygen Doxyfile
Searching for include files...
Searching for example files...
Searching for images...
Searching for dot files...
Searching for files to exclude
Searching for files to process...
Searching for files in directory /home/dcampora/projects/gaudi/new-gaudi-gpu-manager-dev/Brunel_v47r2p1/GpuManager/GpuIpc/GpuIpc
Reading and parsing tag files
Preprocessing /home/dcampora/projects/gaudi/new-gaudi-gpu-manager-dev/Brunel_v47r2p1/GpuManager/GpuIpc/GpuIpc/IConnector.h...
Parsing file /home/dcampora/projects/gaudi/new-gaudi-gpu-manager-dev/Brunel_v47r2p1/GpuManager/GpuIpc/GpuIpc/IConnector.h...
Preprocessing /home/dcampora/projects/gaudi/new-gaudi-gpu-manager-dev/Brunel_v47r2p1/GpuManager/GpuIpc/GpuIpc/IOException.h...
Parsing file /home/dcampora/projects/gaudi/new-gaudi-gpu-manager-dev/Brunel_v47r2p1/GpuManager/GpuIpc/GpuIpc/IOException.h...
Preprocessing /home/dcampora/projects/gaudi/new-gaudi-gpu-manager-dev/Brunel_v47r2p1/GpuManager/GpuIpc/GpuIpc/IProcessor.h...
Parsing file /home/dcampora/projects/gaudi/new-gaudi-gpu-manager-dev/Brunel_v47r2p1/GpuManager/GpuIpc/GpuIpc/IProcessor.h...
Preprocessing /home/dcampora/projects/gaudi/new-gaudi-gpu-manager-dev/Brunel_v47r2p1/GpuManager/GpuIpc/GpuIpc/IProtocol.h...
Parsing file /home/dcampora/projects/gaudi/new-gaudi-gpu-manager-dev/Brunel_v47r2p1/GpuManager/GpuIpc/GpuIpc/IProtocol.h...
Preprocessing /home/dcampora/projects/gaudi/new-gaudi-gpu-manager-dev/Brunel_v47r2p1/GpuManager/GpuIpc/GpuIpc/ITransport.h...
Parsing file /home/dcampora/projects/gaudi/new-gaudi-gpu-manager-dev/Brunel_v47r2p1/GpuManager/GpuIpc/GpuIpc/ITransport.h...
Preprocessing /home/dcampora/projects/gaudi/new-gaudi-gpu-manager-dev/Brunel_v47r2p1/GpuManager/GpuIpc/GpuIpc/LocalSocketClient.h...
Parsing file /home/dcampora/projects/gaudi/new-gaudi-gpu-manager-dev/Brunel_v47r2p1/GpuManager/GpuIpc/GpuIpc/LocalSocketClient.h...
Preprocessing /home/dcampora/projects/gaudi/new-gaudi-gpu-manager-dev/Brunel_v47r2p1/GpuManager/GpuIpc/GpuIpc/LocalSocketServerConnector.h...
Parsing file /home/dcampora/projects/gaudi/new-gaudi-gpu-manager-dev/Brunel_v47r2p1/GpuManager/GpuIpc/GpuIpc/LocalSocketServerConnector.h...
Preprocessing /home/dcampora/projects/gaudi/new-gaudi-gpu-manager-dev/Brunel_v47r2p1/GpuManager/GpuIpc/GpuIpc/Protocol.h...
Parsing file /home/dcampora/projects/gaudi/new-gaudi-gpu-manager-dev/Brunel_v47r2p1/GpuManager/GpuIpc/GpuIpc/Protocol.h...
Preprocessing /home/dcampora/projects/gaudi/new-gaudi-gpu-manager-dev/Brunel_v47r2p1/GpuManager/GpuIpc/GpuIpc/SocketServer.h...
Parsing file /home/dcampora/projects/gaudi/new-gaudi-gpu-manager-dev/Brunel_v47r2p1/GpuManager/GpuIpc/GpuIpc/SocketServer.h...
Preprocessing /home/dcampora/projects/gaudi/new-gaudi-gpu-manager-dev/Brunel_v47r2p1/GpuManager/GpuIpc/GpuIpc/SystemException.h...
Parsing file /home/dcampora/projects/gaudi/new-gaudi-gpu-manager-dev/Brunel_v47r2p1/GpuManager/GpuIpc/GpuIpc/SystemException.h...
Preprocessing /home/dcampora/projects/gaudi/new-gaudi-gpu-manager-dev/Brunel_v47r2p1/GpuManager/GpuIpc/GpuIpc/TcpSocketClient.h...
Parsing file /home/dcampora/projects/gaudi/new-gaudi-gpu-manager-dev/Brunel_v47r2p1/GpuManager/GpuIpc/GpuIpc/TcpSocketClient.h...
Preprocessing /home/dcampora/projects/gaudi/new-gaudi-gpu-manager-dev/Brunel_v47r2p1/GpuManager/GpuIpc/GpuIpc/TcpSocketServerConnector.h...
Parsing file /home/dcampora/projects/gaudi/new-gaudi-gpu-manager-dev/Brunel_v47r2p1/GpuManager/GpuIpc/GpuIpc/TcpSocketServerConnector.h...
Preprocessing /home/dcampora/projects/gaudi/new-gaudi-gpu-manager-dev/Brunel_v47r2p1/GpuManager/GpuIpc/GpuIpc/ThreadedServer.h...
Parsing file /home/dcampora/projects/gaudi/new-gaudi-gpu-manager-dev/Brunel_v47r2p1/GpuManager/GpuIpc/GpuIpc/ThreadedServer.h...
Building group list...
Building directory list...
Building namespace list...
Building file list...
Building class list...
Associating documentation with classes...
Computing nesting relations for classes...
Building example list...
Searching for enumerations...
Searching for documented typedefs...
Searching for members imported via using declarations...
Searching for included using directives...
Searching for documented variables...
Building member list...
Searching for friends...
Searching for documented defines...
Computing class inheritance relations...
Computing class usage relations...
Flushing cached template relations that have become invalid...
Creating members for template instances...
Computing class relations...
Add enum values to enums...
Searching for member function documentation...
Building page list...
Search for main page...
Computing page relations...
Determining the scope of groups...
Sorting lists...
Freeing entry tree
Determining which enums are documented
Computing member relations...
Building full member lists recursively...
Adding members to member groups.
Computing member references...
Inheriting documentation...
Generating disk names...
Adding source references...
Adding xrefitems...
Counting data structures...
Resolving user defined references...
Finding anchors and sections in the documentation...
Combining using relations...
Adding members to index pages...
Generating style sheet...
Generating index page...
Generating page index...
Generating example documentation...
Generating file sources...
Generating code for file /home/dcampora/projects/gaudi/new-gaudi-gpu-manager-dev/Brunel_v47r2p1/GpuManager/GpuIpc/GpuIpc/IConnector.h...
Generating code for file /home/dcampora/projects/gaudi/new-gaudi-gpu-manager-dev/Brunel_v47r2p1/GpuManager/GpuIpc/GpuIpc/IOException.h...
Generating code for file /home/dcampora/projects/gaudi/new-gaudi-gpu-manager-dev/Brunel_v47r2p1/GpuManager/GpuIpc/GpuIpc/IProcessor.h...
Generating code for file /home/dcampora/projects/gaudi/new-gaudi-gpu-manager-dev/Brunel_v47r2p1/GpuManager/GpuIpc/GpuIpc/IProtocol.h...
Generating code for file /home/dcampora/projects/gaudi/new-gaudi-gpu-manager-dev/Brunel_v47r2p1/GpuManager/GpuIpc/GpuIpc/ITransport.h...
Generating code for file /home/dcampora/projects/gaudi/new-gaudi-gpu-manager-dev/Brunel_v47r2p1/GpuManager/GpuIpc/GpuIpc/LocalSocketClient.h...
Generating code for file /home/dcampora/projects/gaudi/new-gaudi-gpu-manager-dev/Brunel_v47r2p1/GpuManager/GpuIpc/GpuIpc/LocalSocketServerConnector.h...
Generating code for file /home/dcampora/projects/gaudi/new-gaudi-gpu-manager-dev/Brunel_v47r2p1/GpuManager/GpuIpc/GpuIpc/Protocol.h...
Generating code for file /home/dcampora/projects/gaudi/new-gaudi-gpu-manager-dev/Brunel_v47r2p1/GpuManager/GpuIpc/GpuIpc/SocketServer.h...
Generating code for file /home/dcampora/projects/gaudi/new-gaudi-gpu-manager-dev/Brunel_v47r2p1/GpuManager/GpuIpc/GpuIpc/SystemException.h...
Generating code for file /home/dcampora/projects/gaudi/new-gaudi-gpu-manager-dev/Brunel_v47r2p1/GpuManager/GpuIpc/GpuIpc/TcpSocketClient.h...
Generating code for file /home/dcampora/projects/gaudi/new-gaudi-gpu-manager-dev/Brunel_v47r2p1/GpuManager/GpuIpc/GpuIpc/TcpSocketServerConnector.h...
Generating code for file /home/dcampora/projects/gaudi/new-gaudi-gpu-manager-dev/Brunel_v47r2p1/GpuManager/GpuIpc/GpuIpc/ThreadedServer.h...
Generating file documentation...
Generating page documentation...
Generating group documentation...
Generating group index...
Generating class documentation...
Generating annotated compound index...
Generating alphabetical compound index...
Generating hierarchical class index...
Generating member index...
Generating docs for compound IConnector...
Generating docs for compound IOException...
Generating docs for compound IProcessor...
Generating docs for compound IProtocol...
Generating docs for compound ITransport...
Generating docs for compound LocalSocketClient...
Generating docs for compound LocalSocketServerConnector...
Generating docs for compound Protocol...
Generating docs for compound SocketServer...
Generating docs for compound SystemException...
Generating docs for compound TcpSocketClient...
Generating docs for compound TcpSocketServerConnector...
Generating docs for compound ThreadedServer...
Generating namespace index...
Generating namespace member index...
Generating graph info page...
Generating file index...
Generating example index...
Generating file member index...
#CMT---> (constituents.make) doxygen done
#CMT---> (constituents.make) Building GpuIpc.make
#CMT---> Info: Library GpuIpc
#CMT---> (constituents.make) Starting GpuIpc
#CMT---> GpuIpc : library ok
#CMT---> GpuIpc ok
#CMT---> installation done
#CMT---> (constituents.make) GpuIpc done
#CMT---> all ok.
gmake[1]: Leaving directory `/home/dcampora/projects/gaudi/new-gaudi-gpu-manager-dev/Brunel_v47r2p1/GpuManager/GpuIpc/cmt'
Tue Dec  2 14:28:21 CET 2014
# Building group cmt_actions
#CMT---> Info: Execute action make => gmake bin=../x86_64-slc6-gcc48-opt/ cmt_actions
gmake[1]: Entering directory `/home/dcampora/projects/gaudi/new-gaudi-gpu-manager-dev/Brunel_v47r2p1/GpuManager/GpuIpc/cmt'
#CMT---> (Makefile.header) Rebuilding ../x86_64-slc6-gcc48-opt/x86_64-slc6-gcc48-opt.make
#CMT---> (Makefile.header) Rebuilding ../x86_64-slc6-gcc48-opt/setup.make
#CMT---> (Makefile.header) Rebuilding ../x86_64-slc6-gcc48-opt/constituents.make
#CMT---> (constituents.make) Rebuilding ../x86_64-slc6-gcc48-opt/x86_64-slc6-gcc48-opt_doxygen.make
#CMT---> (constituents.make) Rebuilding ../x86_64-slc6-gcc48-opt/setup_doxygen.make
#CMT---> (constituents.make) Rebuilding library links
#CMT---> (constituents.make) Building doxygen.make
#CMT---> Info: Document doxygen
#CMT---> (constituents.make) Creating doxygen.lock and Starting doxygen
/usr/bin/doxygen Doxyfile
Searching for include files...
Searching for example files...
Searching for images...
Searching for dot files...
Searching for files to exclude
Searching for files to process...
Searching for files in directory /home/dcampora/projects/gaudi/new-gaudi-gpu-manager-dev/Brunel_v47r2p1/GpuManager/GpuIpc/GpuIpc
Reading and parsing tag files
Preprocessing /home/dcampora/projects/gaudi/new-gaudi-gpu-manager-dev/Brunel_v47r2p1/GpuManager/GpuIpc/GpuIpc/IConnector.h...
Parsing file /home/dcampora/projects/gaudi/new-gaudi-gpu-manager-dev/Brunel_v47r2p1/GpuManager/GpuIpc/GpuIpc/IConnector.h...
Preprocessing /home/dcampora/projects/gaudi/new-gaudi-gpu-manager-dev/Brunel_v47r2p1/GpuManager/GpuIpc/GpuIpc/IOException.h...
Parsing file /home/dcampora/projects/gaudi/new-gaudi-gpu-manager-dev/Brunel_v47r2p1/GpuManager/GpuIpc/GpuIpc/IOException.h...
Preprocessing /home/dcampora/projects/gaudi/new-gaudi-gpu-manager-dev/Brunel_v47r2p1/GpuManager/GpuIpc/GpuIpc/IProcessor.h...
Parsing file /home/dcampora/projects/gaudi/new-gaudi-gpu-manager-dev/Brunel_v47r2p1/GpuManager/GpuIpc/GpuIpc/IProcessor.h...
Preprocessing /home/dcampora/projects/gaudi/new-gaudi-gpu-manager-dev/Brunel_v47r2p1/GpuManager/GpuIpc/GpuIpc/IProtocol.h...
Parsing file /home/dcampora/projects/gaudi/new-gaudi-gpu-manager-dev/Brunel_v47r2p1/GpuManager/GpuIpc/GpuIpc/IProtocol.h...
Preprocessing /home/dcampora/projects/gaudi/new-gaudi-gpu-manager-dev/Brunel_v47r2p1/GpuManager/GpuIpc/GpuIpc/ITransport.h...
Parsing file /home/dcampora/projects/gaudi/new-gaudi-gpu-manager-dev/Brunel_v47r2p1/GpuManager/GpuIpc/GpuIpc/ITransport.h...
Preprocessing /home/dcampora/projects/gaudi/new-gaudi-gpu-manager-dev/Brunel_v47r2p1/GpuManager/GpuIpc/GpuIpc/LocalSocketClient.h...
Parsing file /home/dcampora/projects/gaudi/new-gaudi-gpu-manager-dev/Brunel_v47r2p1/GpuManager/GpuIpc/GpuIpc/LocalSocketClient.h...
Preprocessing /home/dcampora/projects/gaudi/new-gaudi-gpu-manager-dev/Brunel_v47r2p1/GpuManager/GpuIpc/GpuIpc/LocalSocketServerConnector.h...
Parsing file /home/dcampora/projects/gaudi/new-gaudi-gpu-manager-dev/Brunel_v47r2p1/GpuManager/GpuIpc/GpuIpc/LocalSocketServerConnector.h...
Preprocessing /home/dcampora/projects/gaudi/new-gaudi-gpu-manager-dev/Brunel_v47r2p1/GpuManager/GpuIpc/GpuIpc/Protocol.h...
Parsing file /home/dcampora/projects/gaudi/new-gaudi-gpu-manager-dev/Brunel_v47r2p1/GpuManager/GpuIpc/GpuIpc/Protocol.h...
Preprocessing /home/dcampora/projects/gaudi/new-gaudi-gpu-manager-dev/Brunel_v47r2p1/GpuManager/GpuIpc/GpuIpc/SocketServer.h...
Parsing file /home/dcampora/projects/gaudi/new-gaudi-gpu-manager-dev/Brunel_v47r2p1/GpuManager/GpuIpc/GpuIpc/SocketServer.h...
Preprocessing /home/dcampora/projects/gaudi/new-gaudi-gpu-manager-dev/Brunel_v47r2p1/GpuManager/GpuIpc/GpuIpc/SystemException.h...
Parsing file /home/dcampora/projects/gaudi/new-gaudi-gpu-manager-dev/Brunel_v47r2p1/GpuManager/GpuIpc/GpuIpc/SystemException.h...
Preprocessing /home/dcampora/projects/gaudi/new-gaudi-gpu-manager-dev/Brunel_v47r2p1/GpuManager/GpuIpc/GpuIpc/TcpSocketClient.h...
Parsing file /home/dcampora/projects/gaudi/new-gaudi-gpu-manager-dev/Brunel_v47r2p1/GpuManager/GpuIpc/GpuIpc/TcpSocketClient.h...
Preprocessing /home/dcampora/projects/gaudi/new-gaudi-gpu-manager-dev/Brunel_v47r2p1/GpuManager/GpuIpc/GpuIpc/TcpSocketServerConnector.h...
Parsing file /home/dcampora/projects/gaudi/new-gaudi-gpu-manager-dev/Brunel_v47r2p1/GpuManager/GpuIpc/GpuIpc/TcpSocketServerConnector.h...
Preprocessing /home/dcampora/projects/gaudi/new-gaudi-gpu-manager-dev/Brunel_v47r2p1/GpuManager/GpuIpc/GpuIpc/ThreadedServer.h...
Parsing file /home/dcampora/projects/gaudi/new-gaudi-gpu-manager-dev/Brunel_v47r2p1/GpuManager/GpuIpc/GpuIpc/ThreadedServer.h...
Building group list...
Building directory list...
Building namespace list...
Building file list...
Building class list...
Associating documentation with classes...
Computing nesting relations for classes...
Building example list...
Searching for enumerations...
Searching for documented typedefs...
Searching for members imported via using declarations...
Searching for included using directives...
Searching for documented variables...
Building member list...
Searching for friends...
Searching for documented defines...
Computing class inheritance relations...
Computing class usage relations...
Flushing cached template relations that have become invalid...
Creating members for template instances...
Computing class relations...
Add enum values to enums...
Searching for member function documentation...
Building page list...
Search for main page...
Computing page relations...
Determining the scope of groups...
Sorting lists...
Freeing entry tree
Determining which enums are documented
Computing member relations...
Building full member lists recursively...
Adding members to member groups.
Computing member references...
Inheriting documentation...
Generating disk names...
Adding source references...
Adding xrefitems...
Counting data structures...
Resolving user defined references...
Finding anchors and sections in the documentation...
Combining using relations...
Adding members to index pages...
Generating style sheet...
Generating index page...
Generating page index...
Generating example documentation...
Generating file sources...
Generating code for file /home/dcampora/projects/gaudi/new-gaudi-gpu-manager-dev/Brunel_v47r2p1/GpuManager/GpuIpc/GpuIpc/IConnector.h...
Generating code for file /home/dcampora/projects/gaudi/new-gaudi-gpu-manager-dev/Brunel_v47r2p1/GpuManager/GpuIpc/GpuIpc/IOException.h...
Generating code for file /home/dcampora/projects/gaudi/new-gaudi-gpu-manager-dev/Brunel_v47r2p1/GpuManager/GpuIpc/GpuIpc/IProcessor.h...
Generating code for file /home/dcampora/projects/gaudi/new-gaudi-gpu-manager-dev/Brunel_v47r2p1/GpuManager/GpuIpc/GpuIpc/IProtocol.h...
Generating code for file /home/dcampora/projects/gaudi/new-gaudi-gpu-manager-dev/Brunel_v47r2p1/GpuManager/GpuIpc/GpuIpc/ITransport.h...
Generating code for file /home/dcampora/projects/gaudi/new-gaudi-gpu-manager-dev/Brunel_v47r2p1/GpuManager/GpuIpc/GpuIpc/LocalSocketClient.h...
Generating code for file /home/dcampora/projects/gaudi/new-gaudi-gpu-manager-dev/Brunel_v47r2p1/GpuManager/GpuIpc/GpuIpc/LocalSocketServerConnector.h...
Generating code for file /home/dcampora/projects/gaudi/new-gaudi-gpu-manager-dev/Brunel_v47r2p1/GpuManager/GpuIpc/GpuIpc/Protocol.h...
Generating code for file /home/dcampora/projects/gaudi/new-gaudi-gpu-manager-dev/Brunel_v47r2p1/GpuManager/GpuIpc/GpuIpc/SocketServer.h...
Generating code for file /home/dcampora/projects/gaudi/new-gaudi-gpu-manager-dev/Brunel_v47r2p1/GpuManager/GpuIpc/GpuIpc/SystemException.h...
Generating code for file /home/dcampora/projects/gaudi/new-gaudi-gpu-manager-dev/Brunel_v47r2p1/GpuManager/GpuIpc/GpuIpc/TcpSocketClient.h...
Generating code for file /home/dcampora/projects/gaudi/new-gaudi-gpu-manager-dev/Brunel_v47r2p1/GpuManager/GpuIpc/GpuIpc/TcpSocketServerConnector.h...
Generating code for file /home/dcampora/projects/gaudi/new-gaudi-gpu-manager-dev/Brunel_v47r2p1/GpuManager/GpuIpc/GpuIpc/ThreadedServer.h...
Generating file documentation...
Generating page documentation...
Generating group documentation...
Generating group index...
Generating class documentation...
Generating annotated compound index...
Generating alphabetical compound index...
Generating hierarchical class index...
Generating member index...
Generating docs for compound IConnector...
Generating docs for compound IOException...
Generating docs for compound IProcessor...
Generating docs for compound IProtocol...
Generating docs for compound ITransport...
Generating docs for compound LocalSocketClient...
Generating docs for compound LocalSocketServerConnector...
Generating docs for compound Protocol...
Generating docs for compound SocketServer...
Generating docs for compound SystemException...
Generating docs for compound TcpSocketClient...
Generating docs for compound TcpSocketServerConnector...
Generating docs for compound ThreadedServer...
Generating namespace index...
Generating namespace member index...
Generating graph info page...
Generating file index...
Generating example index...
Generating file member index...
#CMT---> (constituents.make) doxygen done
#CMT---> cmt_actions ok.
gmake[1]: Leaving directory `/home/dcampora/projects/gaudi/new-gaudi-gpu-manager-dev/Brunel_v47r2p1/GpuManager/GpuIpc/cmt'
Tue Dec  2 14:28:27 CET 2014
